<?xml version="1.0" encoding="UTF-8"?>
<!-- Generated by org.testng.reporters.JUnitReportReporter -->
<testsuite hostname="Sandeep-Nigam1" failures="0" tests="2" name="Demo.TestNGGroupsDemo" time="0.008" errors="0" timestamp="2022-09-23T14:50:02 IST" skipped="0">
  <testcase classname="Demo.TestNGGroupsDemo" name="Test2" time="0.008"/>
  <system-out/>
  <testcase classname="Demo.TestNGGroupsDemo" name="Test3" time="0.000"/>
  <system-out/>
</testsuite> <!-- Demo.TestNGGroupsDemo -->
