<?xml version="1.0" encoding="UTF-8"?>
<!-- Generated by org.testng.reporters.JUnitReportReporter -->
<testsuite hostname="Sandeep-Nigam1" failures="0" tests="3" name="Demo.TestNGPriorityDemo" time="0.011" errors="0" timestamp="2022-09-23T12:28:12 IST" skipped="0">
  <testcase classname="Demo.TestNGPriorityDemo" name="Test1" time="0.010"/>
  <system-out/>
  <testcase classname="Demo.TestNGPriorityDemo" name="Test3" time="0.001"/>
  <system-out/>
  <testcase classname="Demo.TestNGPriorityDemo" name="Test2" time="0.000"/>
  <system-out/>
</testsuite> <!-- Demo.TestNGPriorityDemo -->
