<?xml version="1.0" encoding="UTF-8"?>
<!-- Generated by org.testng.reporters.JUnitReportReporter -->
<testsuite hostname="Sandeep-Nigam1" failures="0" tests="1" name="Demo.TestNGParametersDemo" time="0.008" errors="0" timestamp="2022-09-23T15:02:03 IST" skipped="0">
  <testcase classname="Demo.TestNGParametersDemo" name="test" time="0.008"/>
  <system-out/>
</testsuite> <!-- Demo.TestNGParametersDemo -->
