<?xml version="1.0" encoding="UTF-8"?>
<!-- Generated by org.testng.reporters.JUnitReportReporter -->
<testsuite hostname="Sandeep-Nigam1" failures="0" tests="1" name="GoogleTestCases.ExtentReportdemo" time="3.166" errors="0" timestamp="2022-09-21T12:08:08 IST" skipped="0">
  <testcase classname="GoogleTestCases.ExtentReportdemo" name="test2" time="3.166"/>
  <system-out/>
</testsuite> <!-- GoogleTestCases.ExtentReportdemo -->
