<?xml version="1.0" encoding="UTF-8"?>
<!-- Generated by org.testng.reporters.JUnitReportReporter -->
<testsuite hostname="Sandeep-Nigam1" failures="0" tests="2" name="Demo.TestNGMultiBrowser" time="12.377" errors="0" timestamp="2022-09-23T14:11:38 IST" skipped="0">
  <testcase classname="Demo.TestNGMultiBrowser" name="Test1" time="6.067"/>
  <system-out/>
  <testcase classname="Demo.TestNGMultiBrowser" name="Test1" time="6.310"/>
  <system-out/>
</testsuite> <!-- Demo.TestNGMultiBrowser -->
