<?xml version="1.0" encoding="UTF-8"?>
<!-- Generated by org.testng.reporters.JUnitReportReporter -->
<testsuite hostname="Sandeep-Nigam1" failures="0" tests="1" name="Utils.ExcelDataprovider" time="5.077" errors="0" timestamp="2022-09-22T16:29:43 IST" skipped="0">
  <testcase classname="Utils.ExcelDataprovider" name="test1" time="5.077"/>
  <system-out/>
</testsuite> <!-- Utils.ExcelDataprovider -->
