<?xml version="1.0" encoding="UTF-8"?>
<!-- Generated by org.testng.reporters.JUnitReportReporter -->
<testsuite hostname="Sandeep-Nigam1" failures="0" tests="1" name="GoogleTestCases.NewTestcasesTest" time="7.496" errors="0" timestamp="2022-09-20T17:51:31 IST" skipped="0">
  <testcase classname="GoogleTestCases.NewTestcasesTest" name="SearchText" time="7.496"/>
  <system-out/>
</testsuite> <!-- GoogleTestCases.NewTestcasesTest -->
