<?xml version="1.0" encoding="UTF-8"?>
<!-- Generated by org.testng.reporters.JUnitReportReporter -->
<testsuite hostname="Sandeep-Nigam1" failures="0" tests="3" name="Demo.TestNGDependenciesDemo" time="0.005" errors="0" timestamp="2022-09-23T15:21:09 IST" skipped="0">
  <testcase classname="Demo.TestNGDependenciesDemo" name="test2" time="0.005"/>
  <system-out/>
  <testcase classname="Demo.TestNGDependenciesDemo" name="test3" time="0.000"/>
  <system-out/>
  <testcase classname="Demo.TestNGDependenciesDemo" name="test1" time="0.000"/>
  <system-out/>
</testsuite> <!-- Demo.TestNGDependenciesDemo -->
